Figwheel: focusing on build-ids (dev)
[0mCompiling "resources/public/js/compiled/app.js" from ["src/cljs"]...
[32mSuccessfully compiled "resources/public/js/compiled/app.js" in 0.247 seconds.[0m
notifying browser that file changed:  resources/public/js/compiled/out/goog/deps.js
notifying browser that file changed:  resources/public/js/compiled/out/cljs_deps.js
notifying browser that file changed:  /re_frame_examples/views.js
notifying browser that file changed:  /re_frame_examples/db.js
notifying browser that file changed:  /re_frame_examples/subs.js
notifying browser that file changed:  /re_frame_examples/routes.js
notifying browser that file changed:  /re_frame_examples/core.js
notifying browser that file changed:  /re_frame_examples/handlers.js
Figwheel: focusing on build-ids (dev)
[0mCompiling "resources/public/js/compiled/app.js" from ["src/cljs"]...
[32mSuccessfully compiled "resources/public/js/compiled/app.js" in 0.232 seconds.[0m
notifying browser that file changed:  resources/public/js/compiled/out/goog/deps.js
notifying browser that file changed:  resources/public/js/compiled/out/cljs_deps.js
notifying browser that file changed:  /re_frame_examples/views.js
notifying browser that file changed:  /re_frame_examples/db.js
notifying browser that file changed:  /re_frame_examples/subs.js
notifying browser that file changed:  /re_frame_examples/routes.js
notifying browser that file changed:  /re_frame_examples/core.js
notifying browser that file changed:  /re_frame_examples/handlers.js
Figwheel: focusing on build-ids (dev)
[0mCompiling "resources/public/js/compiled/app.js" from ["src/cljs"]...
[32mSuccessfully compiled "resources/public/js/compiled/app.js" in 0.262 seconds.[0m
notifying browser that file changed:  resources/public/js/compiled/out/goog/deps.js
notifying browser that file changed:  resources/public/js/compiled/out/cljs_deps.js
notifying browser that file changed:  /re_frame_examples/views.js
notifying browser that file changed:  /re_frame_examples/db.js
notifying browser that file changed:  /re_frame_examples/subs.js
notifying browser that file changed:  /re_frame_examples/routes.js
notifying browser that file changed:  /re_frame_examples/core.js
notifying browser that file changed:  /re_frame_examples/handlers.js
Figwheel: focusing on build-ids (dev)
[0mCompiling "resources/public/js/compiled/app.js" from ["src/cljs"]...
[32mSuccessfully compiled "resources/public/js/compiled/app.js" in 0.283 seconds.[0m
notifying browser that file changed:  resources/public/js/compiled/out/goog/deps.js
notifying browser that file changed:  resources/public/js/compiled/out/cljs_deps.js
notifying browser that file changed:  /re_frame_examples/views.js
notifying browser that file changed:  /re_frame_examples/db.js
notifying browser that file changed:  /re_frame_examples/subs.js
notifying browser that file changed:  /re_frame_examples/routes.js
notifying browser that file changed:  /re_frame_examples/core.js
notifying browser that file changed:  /re_frame_examples/handlers.js
[0mCompiling "resources/public/js/compiled/app.js" from ["src/cljs"]...
[32mSuccessfully compiled "resources/public/js/compiled/app.js" in 0.308 seconds.[0m
notifying browser that file changed:  resources/public/js/compiled/out/cljs_deps.js
notifying browser that file changed:  /re_frame_examples/views.js
[0mCompiling "resources/public/js/compiled/app.js" from ["src/cljs"]...
[32mSuccessfully compiled "resources/public/js/compiled/app.js" in 0.542 seconds.[0m
notifying browser that file changed:  /re_frame_examples/routes.js
[0mCompiling "resources/public/js/compiled/app.js" from ["src/cljs"]...
[32mSuccessfully compiled "resources/public/js/compiled/app.js" in 0.178 seconds.[0m
notifying browser that file changed:  /re_frame_examples/views.js
[0mCompiling "resources/public/js/compiled/app.js" from ["src/cljs"]...
[32mSuccessfully compiled "resources/public/js/compiled/app.js" in 0.41 seconds.[0m
notifying browser that file changed:  resources/public/js/compiled/out/cljs_deps.js
notifying browser that file changed:  /re_frame_examples/routes.js
[0mCompiling "resources/public/js/compiled/app.js" from ["src/cljs"]...
[32mSuccessfully compiled "resources/public/js/compiled/app.js" in 0.166 seconds.[0m
notifying browser that file changed:  resources/public/js/compiled/out/cljs_deps.js
notifying browser that file changed:  /re_frame_examples/routes.js
[0mCompiling "resources/public/js/compiled/app.js" from ["src/cljs"]...
[32mSuccessfully compiled "resources/public/js/compiled/app.js" in 0.153 seconds.[0m
notifying browser that file changed:  /re_frame_examples/views.js
[0mCompiling "resources/public/js/compiled/app.js" from ["src/cljs"]...
[32mSuccessfully compiled "resources/public/js/compiled/app.js" in 0.367 seconds.[0m
notifying browser that file changed:  /re_frame_examples/core.js
[0mCompiling "resources/public/js/compiled/app.js" from ["src/cljs"]...
[32mSuccessfully compiled "resources/public/js/compiled/app.js" in 0.178 seconds.[0m
notifying browser that file changed:  /re_frame_examples/db.js
[0mCompiling "resources/public/js/compiled/app.js" from ["src/cljs"]...
[32mSuccessfully compiled "resources/public/js/compiled/app.js" in 0.159 seconds.[0m
notifying browser that file changed:  /re_frame_examples/core.js
[0mCompiling "resources/public/js/compiled/app.js" from ["src/cljs"]...
[32mSuccessfully compiled "resources/public/js/compiled/app.js" in 0.305 seconds.[0m
notifying browser that file changed:  /re_frame_examples/core.js
[0mCompiling "resources/public/js/compiled/app.js" from ["src/cljs"]...
[32mSuccessfully compiled "resources/public/js/compiled/app.js" in 0.159 seconds.[0m
notifying browser that file changed:  /re_frame_examples/core.js
[0mCompiling "resources/public/js/compiled/app.js" from ["src/cljs"]...
[32mSuccessfully compiled "resources/public/js/compiled/app.js" in 0.301 seconds.[0m
notifying browser that file changed:  /re_frame_examples/views.js
[0mCompiling "resources/public/js/compiled/app.js" from ["src/cljs"]...
[32mSuccessfully compiled "resources/public/js/compiled/app.js" in 0.199 seconds.[0m
notifying browser that file changed:  /re_frame_examples/views.js
[0mCompiling "resources/public/js/compiled/app.js" from ["src/cljs"]...
[32mSuccessfully compiled "resources/public/js/compiled/app.js" in 0.327 seconds.[0m
notifying browser that file changed:  /re_frame_examples/views.js
[0mCompiling "resources/public/js/compiled/app.js" from ["src/cljs"]...
[32mSuccessfully compiled "resources/public/js/compiled/app.js" in 0.188 seconds.[0m
notifying browser that file changed:  /re_frame_examples/views.js
[0mCompiling "resources/public/js/compiled/app.js" from ["src/cljs"]...
[32mSuccessfully compiled "resources/public/js/compiled/app.js" in 0.154 seconds.[0m
notifying browser that file changed:  resources/public/js/compiled/out/cljs_deps.js
notifying browser that file changed:  /re_frame_examples/subs.js
[0mCompiling "resources/public/js/compiled/app.js" from ["src/cljs"]...
[32mSuccessfully compiled "resources/public/js/compiled/app.js" in 0.167 seconds.[0m
notifying browser that file changed:  /re_frame_examples/core.js
[0mCompiling "resources/public/js/compiled/app.js" from ["src/cljs"]...
[32mSuccessfully compiled "resources/public/js/compiled/app.js" in 0.306 seconds.[0m
notifying browser that file changed:  resources/public/js/compiled/out/cljs_deps.js
notifying browser that file changed:  /re_frame_examples/views.js
[0mCompiling "resources/public/js/compiled/app.js" from ["src/cljs"]...
WARNING: No such namespace: re-com, could not locate re_com.cljs, re_com.cljc, or Closure namespace "" at line 10 src/cljs/re_frame_examples/views.cljs
WARNING: Use of undeclared Var re-com/title at line 10 src/cljs/re_frame_examples/views.cljs
WARNING: No such namespace: re-com, could not locate re_com.cljs, re_com.cljc, or Closure namespace "" at line 15 src/cljs/re_frame_examples/views.cljs
WARNING: Use of undeclared Var re-com/hyperlink-href at line 15 src/cljs/re_frame_examples/views.cljs
WARNING: No such namespace: re-com, could not locate re_com.cljs, re_com.cljc, or Closure namespace "" at line 20 src/cljs/re_frame_examples/views.cljs
WARNING: Use of undeclared Var re-com/v-box at line 20 src/cljs/re_frame_examples/views.cljs
WARNING: No such namespace: re-com, could not locate re_com.cljs, re_com.cljc, or Closure namespace "" at line 27 src/cljs/re_frame_examples/views.cljs
WARNING: Use of undeclared Var re-com/title at line 27 src/cljs/re_frame_examples/views.cljs
WARNING: No such namespace: re-com, could not locate re_com.cljs, re_com.cljc, or Closure namespace "" at line 32 src/cljs/re_frame_examples/views.cljs
WARNING: Use of undeclared Var re-com/hyperlink-href at line 32 src/cljs/re_frame_examples/views.cljs
WARNING: No such namespace: re-com, could not locate re_com.cljs, re_com.cljc, or Closure namespace "" at line 37 src/cljs/re_frame_examples/views.cljs
WARNING: Use of undeclared Var re-com/v-box at line 37 src/cljs/re_frame_examples/views.cljs
WARNING: No such namespace: re-com, could not locate re_com.cljs, re_com.cljc, or Closure namespace "" at line 51 src/cljs/re_frame_examples/views.cljs
WARNING: Use of undeclared Var re-com/v-box at line 51 src/cljs/re_frame_examples/views.cljs
[31mCompiling "resources/public/js/compiled/app.js" failed.[0m
clojure.lang.ExceptionInfo: failed compiling file:src/cljs/re_frame_examples/views.cljs
 at clojure.core$ex_info.invoke (core.clj:4593)
    cljs.compiler$compile_file$fn__3158.invoke (compiler.cljc:1254)
    cljs.compiler$compile_file.invoke (compiler.cljc:1216)
    cljs.compiler$compile_root.invoke (compiler.cljc:1291)
    cljs.closure$compile_dir.invoke (closure.clj:438)
    cljs.closure$eval3601$fn__3602.invoke (closure.clj:478)
    cljs.closure$eval3553$fn__3554$G__3544__3561.invoke (closure.clj:383)
    cljs.closure$eval3614$fn__3615.invoke (closure.clj:492)
    cljs.closure$eval3553$fn__3554$G__3544__3561.invoke (closure.clj:383)
    clojurescript_build.core.CompilableSourcePaths/fn (core.clj:20)
    clojure.lang.PersistentVector.reduce (PersistentVector.java:333)
    clojure.core$reduce.invoke (core.clj:6518)
    clojurescript_build.core.CompilableSourcePaths._compile (core.clj:19)
    cljs.closure$build.invoke (closure.clj:1671)
    clojurescript_build.core$build_source_paths_STAR_.invoke (core.clj:160)
    figwheel_sidecar.auto_builder$default_build_options$fn__15983.invoke (auto_builder.clj:78)
    figwheel_sidecar.auto_builder$insert_figwheel_connect_script$fn__16029.invoke (auto_builder.clj:217)
    figwheel_sidecar.auto_builder$warning$fn__15980.invoke (auto_builder.clj:74)
    clojurescript_build.auto$time_build$fn__15776.invoke (auto.clj:55)
    clojurescript_build.auto$after$fn__15782.invoke (auto.clj:64)
    clojurescript_build.auto$after$fn__15782.invoke (auto.clj:64)
    clojurescript_build.auto$after$fn__15782.invoke (auto.clj:64)
    clojurescript_build.auto$error$fn__15785.invoke (auto.clj:71)
    clojurescript_build.auto$before$fn__15779.invoke (auto.clj:60)
    clojurescript_build.auto$make_conditional_builder$fn__15797.invoke (auto.clj:103)
    clojure.core$mapv$fn__6727.invoke (core.clj:6616)
    clojure.lang.PersistentVector.reduce (PersistentVector.java:333)
    clojure.core$reduce.invoke (core.clj:6518)
    clojure.core$mapv.invoke (core.clj:6616)
    clojurescript_build.auto$autobuild_STAR_$fn__15883$state_machine__9365__auto____15884$fn__15889.invoke (auto.clj:186)
[0mCompiling "resources/public/js/compiled/app.js" from ["src/cljs"]...
WARNING: No such namespace: re-com, could not locate re_com.cljs, re_com.cljc, or Closure namespace "" at line 10 src/cljs/re_frame_examples/views.cljs
WARNING: Use of undeclared Var re-com/title at line 10 src/cljs/re_frame_examples/views.cljs
WARNING: No such namespace: re-com, could not locate re_com.cljs, re_com.cljc, or Closure namespace "" at line 15 src/cljs/re_frame_examples/views.cljs
WARNING: Use of undeclared Var re-com/hyperlink-href at line 15 src/cljs/re_frame_examples/views.cljs
WARNING: No such namespace: re-com, could not locate re_com.cljs, re_com.cljc, or Closure namespace "" at line 20 src/cljs/re_frame_examples/views.cljs
WARNING: Use of undeclared Var re-com/v-box at line 20 src/cljs/re_frame_examples/views.cljs
WARNING: No such namespace: re-com, could not locate re_com.cljs, re_com.cljc, or Closure namespace "" at line 27 src/cljs/re_frame_examples/views.cljs
WARNING: Use of undeclared Var re-com/title at line 27 src/cljs/re_frame_examples/views.cljs
WARNING: No such namespace: re-com, could not locate re_com.cljs, re_com.cljc, or Closure namespace "" at line 32 src/cljs/re_frame_examples/views.cljs
WARNING: Use of undeclared Var re-com/hyperlink-href at line 32 src/cljs/re_frame_examples/views.cljs
WARNING: No such namespace: re-com, could not locate re_com.cljs, re_com.cljc, or Closure namespace "" at line 37 src/cljs/re_frame_examples/views.cljs
WARNING: Use of undeclared Var re-com/v-box at line 37 src/cljs/re_frame_examples/views.cljs
WARNING: No such namespace: re-com, could not locate re_com.cljs, re_com.cljc, or Closure namespace "" at line 51 src/cljs/re_frame_examples/views.cljs
WARNING: Use of undeclared Var re-com/v-box at line 51 src/cljs/re_frame_examples/views.cljs
[31mCompiling "resources/public/js/compiled/app.js" failed.[0m
clojure.lang.ExceptionInfo: failed compiling file:src/cljs/re_frame_examples/views.cljs
 at clojure.core$ex_info.invoke (core.clj:4593)
    cljs.compiler$compile_file$fn__3158.invoke (compiler.cljc:1254)
    cljs.compiler$compile_file.invoke (compiler.cljc:1216)
    cljs.compiler$compile_root.invoke (compiler.cljc:1291)
    cljs.closure$compile_dir.invoke (closure.clj:438)
    cljs.closure$eval3601$fn__3602.invoke (closure.clj:478)
    cljs.closure$eval3553$fn__3554$G__3544__3561.invoke (closure.clj:383)
    cljs.closure$eval3614$fn__3615.invoke (closure.clj:492)
    cljs.closure$eval3553$fn__3554$G__3544__3561.invoke (closure.clj:383)
    clojurescript_build.core.CompilableSourcePaths/fn (core.clj:20)
    clojure.lang.PersistentVector.reduce (PersistentVector.java:333)
    clojure.core$reduce.invoke (core.clj:6518)
    clojurescript_build.core.CompilableSourcePaths._compile (core.clj:19)
    cljs.closure$build.invoke (closure.clj:1671)
    clojurescript_build.core$build_source_paths_STAR_.invoke (core.clj:160)
    figwheel_sidecar.auto_builder$default_build_options$fn__15983.invoke (auto_builder.clj:78)
    figwheel_sidecar.auto_builder$insert_figwheel_connect_script$fn__16029.invoke (auto_builder.clj:217)
    figwheel_sidecar.auto_builder$warning$fn__15980.invoke (auto_builder.clj:74)
    clojurescript_build.auto$time_build$fn__15776.invoke (auto.clj:55)
    clojurescript_build.auto$after$fn__15782.invoke (auto.clj:64)
    clojurescript_build.auto$after$fn__15782.invoke (auto.clj:64)
    clojurescript_build.auto$after$fn__15782.invoke (auto.clj:64)
    clojurescript_build.auto$error$fn__15785.invoke (auto.clj:71)
    clojurescript_build.auto$before$fn__15779.invoke (auto.clj:60)
    clojurescript_build.auto$make_conditional_builder$fn__15797.invoke (auto.clj:103)
    clojure.core$mapv$fn__6727.invoke (core.clj:6616)
    clojure.lang.PersistentVector.reduce (PersistentVector.java:333)
    clojure.core$reduce.invoke (core.clj:6518)
    clojure.core$mapv.invoke (core.clj:6616)
    clojurescript_build.auto$autobuild_STAR_$fn__15883$state_machine__9365__auto____15884$fn__15889.invoke (auto.clj:186)
[0mCompiling "resources/public/js/compiled/app.js" from ["src/cljs"]...
[31mCompiling "resources/public/js/compiled/app.js" failed.[0m
clojure.lang.ExceptionInfo: failed compiling file:src/cljs/re_frame_examples/views.cljs
 at clojure.core$ex_info.invoke (core.clj:4593)
    cljs.compiler$compile_file$fn__3158.invoke (compiler.cljc:1254)
    cljs.compiler$compile_file.invoke (compiler.cljc:1216)
    cljs.compiler$compile_root.invoke (compiler.cljc:1291)
    cljs.closure$compile_dir.invoke (closure.clj:438)
    cljs.closure$eval3601$fn__3602.invoke (closure.clj:478)
    cljs.closure$eval3553$fn__3554$G__3544__3561.invoke (closure.clj:383)
    cljs.closure$eval3614$fn__3615.invoke (closure.clj:492)
    cljs.closure$eval3553$fn__3554$G__3544__3561.invoke (closure.clj:383)
    clojurescript_build.core.CompilableSourcePaths/fn (core.clj:20)
    clojure.lang.PersistentVector.reduce (PersistentVector.java:333)
    clojure.core$reduce.invoke (core.clj:6518)
    clojurescript_build.core.CompilableSourcePaths._compile (core.clj:19)
    cljs.closure$build.invoke (closure.clj:1671)
    clojurescript_build.core$build_source_paths_STAR_.invoke (core.clj:160)
    figwheel_sidecar.auto_builder$default_build_options$fn__15983.invoke (auto_builder.clj:78)
    figwheel_sidecar.auto_builder$insert_figwheel_connect_script$fn__16029.invoke (auto_builder.clj:217)
    figwheel_sidecar.auto_builder$warning$fn__15980.invoke (auto_builder.clj:74)
    clojurescript_build.auto$time_build$fn__15776.invoke (auto.clj:55)
    clojurescript_build.auto$after$fn__15782.invoke (auto.clj:64)
    clojurescript_build.auto$after$fn__15782.invoke (auto.clj:64)
    clojurescript_build.auto$after$fn__15782.invoke (auto.clj:64)
    clojurescript_build.auto$error$fn__15785.invoke (auto.clj:71)
    clojurescript_build.auto$before$fn__15779.invoke (auto.clj:60)
    clojurescript_build.auto$make_conditional_builder$fn__15797.invoke (auto.clj:103)
    clojure.core$mapv$fn__6727.invoke (core.clj:6616)
    clojure.lang.PersistentVector.reduce (PersistentVector.java:333)
    clojure.core$reduce.invoke (core.clj:6518)
    clojure.core$mapv.invoke (core.clj:6616)
    clojurescript_build.auto$autobuild_STAR_$fn__15883$state_machine__9365__auto____15884$fn__15889.invoke (auto.clj:186)
[0mCompiling "resources/public/js/compiled/app.js" from ["src/cljs"]...
[32mSuccessfully compiled "resources/public/js/compiled/app.js" in 0.2 seconds.[0m
notifying browser that file changed:  /re_frame_examples/views.js
[0mCompiling "resources/public/js/compiled/app.js" from ["src/cljs"]...
[32mSuccessfully compiled "resources/public/js/compiled/app.js" in 0.171 seconds.[0m
notifying browser that file changed:  /re_frame_examples/views.js
[0mCompiling "resources/public/js/compiled/app.js" from ["src/cljs"]...
[32mSuccessfully compiled "resources/public/js/compiled/app.js" in 0.303 seconds.[0m
notifying browser that file changed:  /re_frame_examples/views.js
[0mCompiling "resources/public/js/compiled/app.js" from ["src/cljs"]...
[32mSuccessfully compiled "resources/public/js/compiled/app.js" in 0.168 seconds.[0m
notifying browser that file changed:  /re_frame_examples/views.js
[0mCompiling "resources/public/js/compiled/app.js" from ["src/cljs"]...
[32mSuccessfully compiled "resources/public/js/compiled/app.js" in 0.201 seconds.[0m
notifying browser that file changed:  resources/public/js/compiled/out/cljs_deps.js
notifying browser that file changed:  /re_frame_examples/subs.js
[0mCompiling "resources/public/js/compiled/app.js" from ["src/cljs"]...
[32mSuccessfully compiled "resources/public/js/compiled/app.js" in 0.149 seconds.[0m
notifying browser that file changed:  /re_frame_examples/subs.js
[0mCompiling "resources/public/js/compiled/app.js" from ["src/cljs"]...
[32mSuccessfully compiled "resources/public/js/compiled/app.js" in 0.166 seconds.[0m
notifying browser that file changed:  resources/public/js/compiled/out/cljs_deps.js
notifying browser that file changed:  /re_frame_examples/views.js
[0mCompiling "resources/public/js/compiled/app.js" from ["src/cljs"]...
[32mSuccessfully compiled "resources/public/js/compiled/app.js" in 0.16 seconds.[0m
notifying browser that file changed:  /re_frame_examples/views.js
[0mCompiling "resources/public/js/compiled/app.js" from ["src/cljs"]...
[32mSuccessfully compiled "resources/public/js/compiled/app.js" in 0.258 seconds.[0m
notifying browser that file changed:  /re_frame_examples/core.js
[0mCompiling "resources/public/js/compiled/app.js" from ["src/cljs"]...
[32mSuccessfully compiled "resources/public/js/compiled/app.js" in 0.159 seconds.[0m
notifying browser that file changed:  /re_frame_examples/views.js
[0mCompiling "resources/public/js/compiled/app.js" from ["src/cljs"]...
[32mSuccessfully compiled "resources/public/js/compiled/app.js" in 0.159 seconds.[0m
notifying browser that file changed:  /re_frame_examples/views.js
[0mCompiling "resources/public/js/compiled/app.js" from ["src/cljs"]...
[32mSuccessfully compiled "resources/public/js/compiled/app.js" in 0.203 seconds.[0m
notifying browser that file changed:  /re_frame_examples/views.js
[0mCompiling "resources/public/js/compiled/app.js" from ["src/cljs"]...
[32mSuccessfully compiled "resources/public/js/compiled/app.js" in 0.148 seconds.[0m
notifying browser that file changed:  resources/public/js/compiled/out/cljs_deps.js
notifying browser that file changed:  /re_frame_examples/db.js
[0mCompiling "resources/public/js/compiled/app.js" from ["src/cljs"]...
[32mSuccessfully compiled "resources/public/js/compiled/app.js" in 0.213 seconds.[0m
notifying browser that file changed:  /re_frame_examples/core.js
[0mCompiling "resources/public/js/compiled/app.js" from ["src/cljs"]...
[32mSuccessfully compiled "resources/public/js/compiled/app.js" in 0.144 seconds.[0m
notifying browser that file changed:  /re_frame_examples/handlers.js
[0mCompiling "resources/public/js/compiled/app.js" from ["src/cljs"]...
[32mSuccessfully compiled "resources/public/js/compiled/app.js" in 0.142 seconds.[0m
notifying browser that file changed:  /re_frame_examples/db.js
[0mCompiling "resources/public/js/compiled/app.js" from ["src/cljs"]...
[32mSuccessfully compiled "resources/public/js/compiled/app.js" in 0.148 seconds.[0m
notifying browser that file changed:  /re_frame_examples/db.js
[0mCompiling "resources/public/js/compiled/app.js" from ["src/cljs"]...
[32mSuccessfully compiled "resources/public/js/compiled/app.js" in 0.292 seconds.[0m
notifying browser that file changed:  /re_frame_examples/db.js
[0mCompiling "resources/public/js/compiled/app.js" from ["src/cljs"]...
[32mSuccessfully compiled "resources/public/js/compiled/app.js" in 0.283 seconds.[0m
notifying browser that file changed:  /re_frame_examples/core.js
[0mCompiling "resources/public/js/compiled/app.js" from ["src/cljs"]...
[32mSuccessfully compiled "resources/public/js/compiled/app.js" in 0.129 seconds.[0m
notifying browser that file changed:  /re_frame_examples/db.js
[0mCompiling "resources/public/js/compiled/app.js" from ["src/cljs"]...
[32mSuccessfully compiled "resources/public/js/compiled/app.js" in 0.139 seconds.[0m
notifying browser that file changed:  /re_frame_examples/db.js
[0mCompiling "resources/public/js/compiled/app.js" from ["src/cljs"]...
[32mSuccessfully compiled "resources/public/js/compiled/app.js" in 0.299 seconds.[0m
notifying browser that file changed:  resources/public/js/compiled/out/cljs_deps.js
notifying browser that file changed:  /re_frame_examples/views.js
[0mCompiling "resources/public/js/compiled/app.js" from ["src/cljs"]...
[32mSuccessfully compiled "resources/public/js/compiled/app.js" in 0.293 seconds.[0m
notifying browser that file changed:  resources/public/js/compiled/out/cljs_deps.js
notifying browser that file changed:  /re_frame_examples/core.js
[0mCompiling "resources/public/js/compiled/app.js" from ["src/cljs"]...
[32mSuccessfully compiled "resources/public/js/compiled/app.js" in 0.196 seconds.[0m
notifying browser that file changed:  /re_frame_examples/handlers.js
[0mCompiling "resources/public/js/compiled/app.js" from ["src/cljs"]...
[32mSuccessfully compiled "resources/public/js/compiled/app.js" in 0.14 seconds.[0m
notifying browser that file changed:  /re_frame_examples/handlers.js
[0mCompiling "resources/public/js/compiled/app.js" from ["src/cljs"]...
[32mSuccessfully compiled "resources/public/js/compiled/app.js" in 0.166 seconds.[0m
notifying browser that file changed:  /re_frame_examples/routes.js
[0mCompiling "resources/public/js/compiled/app.js" from ["src/cljs"]...
[32mSuccessfully compiled "resources/public/js/compiled/app.js" in 0.328 seconds.[0m
notifying browser that file changed:  /re_frame_examples/handlers.js
[0mCompiling "resources/public/js/compiled/app.js" from ["src/cljs"]...
[32mSuccessfully compiled "resources/public/js/compiled/app.js" in 0.269 seconds.[0m
notifying browser that file changed:  /re_frame_examples/handlers.js
[0mCompiling "resources/public/js/compiled/app.js" from ["src/cljs"]...
[32mSuccessfully compiled "resources/public/js/compiled/app.js" in 0.279 seconds.[0m
notifying browser that file changed:  /re_frame_examples/handlers.js
[0mCompiling "resources/public/js/compiled/app.js" from ["src/cljs"]...
[32mSuccessfully compiled "resources/public/js/compiled/app.js" in 0.294 seconds.[0m
notifying browser that file changed:  resources/public/js/compiled/out/cljs_deps.js
notifying browser that file changed:  /re_frame_examples/db.js
[0mCompiling "resources/public/js/compiled/app.js" from ["src/cljs"]...
[32mSuccessfully compiled "resources/public/js/compiled/app.js" in 0.143 seconds.[0m
notifying browser that file changed:  resources/public/js/compiled/out/cljs_deps.js
notifying browser that file changed:  /re_frame_examples/handlers.js
[0mCompiling "resources/public/js/compiled/app.js" from ["src/cljs"]...
[32mSuccessfully compiled "resources/public/js/compiled/app.js" in 0.149 seconds.[0m
notifying browser that file changed:  /re_frame_examples/handlers.js
[0mCompiling "resources/public/js/compiled/app.js" from ["src/cljs"]...
[32mSuccessfully compiled "resources/public/js/compiled/app.js" in 0.158 seconds.[0m
notifying browser that file changed:  /re_frame_examples/handlers.js
[0mCompiling "resources/public/js/compiled/app.js" from ["src/cljs"]...
[32mSuccessfully compiled "resources/public/js/compiled/app.js" in 0.246 seconds.[0m
notifying browser that file changed:  /re_frame_examples/handlers.js
[0mCompiling "resources/public/js/compiled/app.js" from ["src/cljs"]...
[32mSuccessfully compiled "resources/public/js/compiled/app.js" in 0.195 seconds.[0m
notifying browser that file changed:  /re_frame_examples/handlers.js
[0mCompiling "resources/public/js/compiled/app.js" from ["src/cljs"]...
[32mSuccessfully compiled "resources/public/js/compiled/app.js" in 0.149 seconds.[0m
notifying browser that file changed:  resources/public/js/compiled/out/cljs_deps.js
notifying browser that file changed:  /re_frame_examples/handlers.js
[0mCompiling "resources/public/js/compiled/app.js" from ["src/cljs"]...
[32mSuccessfully compiled "resources/public/js/compiled/app.js" in 0.278 seconds.[0m
notifying browser that file changed:  resources/public/js/compiled/out/cljs_deps.js
notifying browser that file changed:  /re_frame_examples/handlers.js
[0mCompiling "resources/public/js/compiled/app.js" from ["src/cljs"]...
[32mSuccessfully compiled "resources/public/js/compiled/app.js" in 0.144 seconds.[0m
notifying browser that file changed:  /re_frame_examples/handlers.js
[0mCompiling "resources/public/js/compiled/app.js" from ["src/cljs"]...
[32mSuccessfully compiled "resources/public/js/compiled/app.js" in 0.145 seconds.[0m
notifying browser that file changed:  /re_frame_examples/handlers.js
[0mCompiling "resources/public/js/compiled/app.js" from ["src/cljs"]...
[32mSuccessfully compiled "resources/public/js/compiled/app.js" in 0.152 seconds.[0m
notifying browser that file changed:  /re_frame_examples/handlers.js
[0mCompiling "resources/public/js/compiled/app.js" from ["src/cljs"]...
[32mSuccessfully compiled "resources/public/js/compiled/app.js" in 0.152 seconds.[0m
notifying browser that file changed:  /re_frame_examples/handlers.js
[0mCompiling "resources/public/js/compiled/app.js" from ["src/cljs"]...
[32mSuccessfully compiled "resources/public/js/compiled/app.js" in 0.146 seconds.[0m
notifying browser that file changed:  /re_frame_examples/handlers.js
[0mCompiling "resources/public/js/compiled/app.js" from ["src/cljs"]...
[32mSuccessfully compiled "resources/public/js/compiled/app.js" in 0.145 seconds.[0m
notifying browser that file changed:  /re_frame_examples/handlers.js
[0mCompiling "resources/public/js/compiled/app.js" from ["src/cljs"]...
[31mCompiling "resources/public/js/compiled/app.js" failed.[0m
java.lang.AssertionError: No ns form found in src/cljs/re_frame_examples/views/home.cljs
 at cljs.analyzer$parse_ns$fn__2162.invoke (analyzer.cljc:2706)
    cljs.analyzer$parse_ns.invoke (analyzer.cljc:2660)
    cljs.analyzer$parse_ns.invoke (analyzer.cljc:2651)
    cljs.compiler$compile_root$fn__3182.invoke (compiler.cljc:1284)
    clojure.core$map$fn__4553.invoke (core.clj:2624)
    clojure.lang.LazySeq.sval (LazySeq.java:40)
    clojure.lang.LazySeq.seq (LazySeq.java:49)
    clojure.lang.RT.seq (RT.java:507)
    clojure.core/seq (core.clj:137)
    clojure.core$map$fn__4553.invoke (core.clj:2616)
    clojure.lang.LazySeq.sval (LazySeq.java:40)
    clojure.lang.LazySeq.seq (LazySeq.java:49)
    clojure.lang.Cons.next (Cons.java:39)
    clojure.lang.RT.next (RT.java:674)
    clojure.core/next (core.clj:64)
    clojure.core.protocols/fn (protocols.clj:170)
    clojure.core.protocols$fn__6478$G__6473__6487.invoke (protocols.clj:19)
    clojure.core.protocols$seq_reduce.invoke (protocols.clj:31)
    clojure.core.protocols/fn (protocols.clj:101)
    clojure.core.protocols$fn__6452$G__6447__6465.invoke (protocols.clj:13)
    clojure.core$reduce.invoke (core.clj:6519)
    cljs.js_deps$build_index.invoke (js_deps.cljc:128)
    cljs.js_deps$dependency_order.invoke (js_deps.cljc:168)
    cljs.compiler$compile_root.invoke (compiler.cljc:1283)
    cljs.closure$compile_dir.invoke (closure.clj:438)
    cljs.closure$eval3601$fn__3602.invoke (closure.clj:478)
    cljs.closure$eval3553$fn__3554$G__3544__3561.invoke (closure.clj:383)
    cljs.closure$eval3614$fn__3615.invoke (closure.clj:492)
    cljs.closure$eval3553$fn__3554$G__3544__3561.invoke (closure.clj:383)
    clojurescript_build.core.CompilableSourcePaths/fn (core.clj:20)
[0mCompiling "resources/public/js/compiled/app.js" from ["src/cljs"]...
[31mCompiling "resources/public/js/compiled/app.js" failed.[0m
java.lang.AssertionError: No ns form found in src/cljs/re_frame_examples/views/about.cljs
 at cljs.analyzer$parse_ns$fn__2162.invoke (analyzer.cljc:2706)
    cljs.analyzer$parse_ns.invoke (analyzer.cljc:2660)
    cljs.analyzer$parse_ns.invoke (analyzer.cljc:2651)
    cljs.compiler$compile_root$fn__3182.invoke (compiler.cljc:1284)
    clojure.core$map$fn__4553.invoke (core.clj:2624)
    clojure.lang.LazySeq.sval (LazySeq.java:40)
    clojure.lang.LazySeq.seq (LazySeq.java:49)
    clojure.lang.RT.seq (RT.java:507)
    clojure.core/seq (core.clj:137)
    clojure.core$map$fn__4553.invoke (core.clj:2616)
    clojure.lang.LazySeq.sval (LazySeq.java:40)
    clojure.lang.LazySeq.seq (LazySeq.java:49)
    clojure.lang.Cons.next (Cons.java:39)
    clojure.lang.RT.next (RT.java:674)
    clojure.core/next (core.clj:64)
    clojure.core.protocols/fn (protocols.clj:170)
    clojure.core.protocols$fn__6478$G__6473__6487.invoke (protocols.clj:19)
    clojure.core.protocols$seq_reduce.invoke (protocols.clj:31)
    clojure.core.protocols/fn (protocols.clj:101)
    clojure.core.protocols$fn__6452$G__6447__6465.invoke (protocols.clj:13)
    clojure.core$reduce.invoke (core.clj:6519)
    cljs.js_deps$build_index.invoke (js_deps.cljc:128)
    cljs.js_deps$dependency_order.invoke (js_deps.cljc:168)
    cljs.compiler$compile_root.invoke (compiler.cljc:1283)
    cljs.closure$compile_dir.invoke (closure.clj:438)
    cljs.closure$eval3601$fn__3602.invoke (closure.clj:478)
    cljs.closure$eval3553$fn__3554$G__3544__3561.invoke (closure.clj:383)
    cljs.closure$eval3614$fn__3615.invoke (closure.clj:492)
    cljs.closure$eval3553$fn__3554$G__3544__3561.invoke (closure.clj:383)
    clojurescript_build.core.CompilableSourcePaths/fn (core.clj:20)
[0mCompiling "resources/public/js/compiled/app.js" from ["src/cljs"]...
[31mCompiling "resources/public/js/compiled/app.js" failed.[0m
java.lang.AssertionError: No ns form found in src/cljs/re_frame_examples/views/about.cljs
 at cljs.analyzer$parse_ns$fn__2162.invoke (analyzer.cljc:2706)
    cljs.analyzer$parse_ns.invoke (analyzer.cljc:2660)
    cljs.analyzer$parse_ns.invoke (analyzer.cljc:2651)
    cljs.compiler$compile_root$fn__3182.invoke (compiler.cljc:1284)
    clojure.core$map$fn__4553.invoke (core.clj:2624)
    clojure.lang.LazySeq.sval (LazySeq.java:40)
    clojure.lang.LazySeq.seq (LazySeq.java:49)
    clojure.lang.RT.seq (RT.java:507)
    clojure.core/seq (core.clj:137)
    clojure.core$map$fn__4553.invoke (core.clj:2616)
    clojure.lang.LazySeq.sval (LazySeq.java:40)
    clojure.lang.LazySeq.seq (LazySeq.java:49)
    clojure.lang.Cons.next (Cons.java:39)
    clojure.lang.RT.next (RT.java:674)
    clojure.core/next (core.clj:64)
    clojure.core.protocols/fn (protocols.clj:170)
    clojure.core.protocols$fn__6478$G__6473__6487.invoke (protocols.clj:19)
    clojure.core.protocols$seq_reduce.invoke (protocols.clj:31)
    clojure.core.protocols/fn (protocols.clj:101)
    clojure.core.protocols$fn__6452$G__6447__6465.invoke (protocols.clj:13)
    clojure.core$reduce.invoke (core.clj:6519)
    cljs.js_deps$build_index.invoke (js_deps.cljc:128)
    cljs.js_deps$dependency_order.invoke (js_deps.cljc:168)
    cljs.compiler$compile_root.invoke (compiler.cljc:1283)
    cljs.closure$compile_dir.invoke (closure.clj:438)
    cljs.closure$eval3601$fn__3602.invoke (closure.clj:478)
    cljs.closure$eval3553$fn__3554$G__3544__3561.invoke (closure.clj:383)
    cljs.closure$eval3614$fn__3615.invoke (closure.clj:492)
    cljs.closure$eval3553$fn__3554$G__3544__3561.invoke (closure.clj:383)
    clojurescript_build.core.CompilableSourcePaths/fn (core.clj:20)
[0mCompiling "resources/public/js/compiled/app.js" from ["src/cljs"]...
[31mCompiling "resources/public/js/compiled/app.js" failed.[0m
java.lang.AssertionError: No ns form found in src/cljs/re_frame_examples/views/about.cljs
 at cljs.analyzer$parse_ns$fn__2162.invoke (analyzer.cljc:2706)
    cljs.analyzer$parse_ns.invoke (analyzer.cljc:2660)
    cljs.analyzer$parse_ns.invoke (analyzer.cljc:2651)
    cljs.compiler$compile_root$fn__3182.invoke (compiler.cljc:1284)
    clojure.core$map$fn__4553.invoke (core.clj:2624)
    clojure.lang.LazySeq.sval (LazySeq.java:40)
    clojure.lang.LazySeq.seq (LazySeq.java:49)
    clojure.lang.RT.seq (RT.java:507)
    clojure.core/seq (core.clj:137)
    clojure.core$map$fn__4553.invoke (core.clj:2616)
    clojure.lang.LazySeq.sval (LazySeq.java:40)
    clojure.lang.LazySeq.seq (LazySeq.java:49)
    clojure.lang.Cons.next (Cons.java:39)
    clojure.lang.RT.next (RT.java:674)
    clojure.core/next (core.clj:64)
    clojure.core.protocols/fn (protocols.clj:170)
    clojure.core.protocols$fn__6478$G__6473__6487.invoke (protocols.clj:19)
    clojure.core.protocols$seq_reduce.invoke (protocols.clj:31)
    clojure.core.protocols/fn (protocols.clj:101)
    clojure.core.protocols$fn__6452$G__6447__6465.invoke (protocols.clj:13)
    clojure.core$reduce.invoke (core.clj:6519)
    cljs.js_deps$build_index.invoke (js_deps.cljc:128)
    cljs.js_deps$dependency_order.invoke (js_deps.cljc:168)
    cljs.compiler$compile_root.invoke (compiler.cljc:1283)
    cljs.closure$compile_dir.invoke (closure.clj:438)
    cljs.closure$eval3601$fn__3602.invoke (closure.clj:478)
    cljs.closure$eval3553$fn__3554$G__3544__3561.invoke (closure.clj:383)
    cljs.closure$eval3614$fn__3615.invoke (closure.clj:492)
    cljs.closure$eval3553$fn__3554$G__3544__3561.invoke (closure.clj:383)
    clojurescript_build.core.CompilableSourcePaths/fn (core.clj:20)
[0mCompiling "resources/public/js/compiled/app.js" from ["src/cljs"]...
[31mCompiling "resources/public/js/compiled/app.js" failed.[0m
java.lang.AssertionError: No ns form found in src/cljs/re_frame_examples/views/panels.cljs
 at cljs.analyzer$parse_ns$fn__2162.invoke (analyzer.cljc:2706)
    cljs.analyzer$parse_ns.invoke (analyzer.cljc:2660)
    cljs.analyzer$parse_ns.invoke (analyzer.cljc:2651)
    cljs.compiler$compile_root$fn__3182.invoke (compiler.cljc:1284)
    clojure.core$map$fn__4553.invoke (core.clj:2624)
    clojure.lang.LazySeq.sval (LazySeq.java:40)
    clojure.lang.LazySeq.seq (LazySeq.java:49)
    clojure.lang.RT.seq (RT.java:507)
    clojure.core/seq (core.clj:137)
    clojure.core$map$fn__4553.invoke (core.clj:2616)
    clojure.lang.LazySeq.sval (LazySeq.java:40)
    clojure.lang.LazySeq.seq (LazySeq.java:49)
    clojure.lang.Cons.next (Cons.java:39)
    clojure.lang.RT.next (RT.java:674)
    clojure.core/next (core.clj:64)
    clojure.core.protocols/fn (protocols.clj:170)
    clojure.core.protocols$fn__6478$G__6473__6487.invoke (protocols.clj:19)
    clojure.core.protocols$seq_reduce.invoke (protocols.clj:31)
    clojure.core.protocols/fn (protocols.clj:101)
    clojure.core.protocols$fn__6452$G__6447__6465.invoke (protocols.clj:13)
    clojure.core$reduce.invoke (core.clj:6519)
    cljs.js_deps$build_index.invoke (js_deps.cljc:128)
    cljs.js_deps$dependency_order.invoke (js_deps.cljc:168)
    cljs.compiler$compile_root.invoke (compiler.cljc:1283)
    cljs.closure$compile_dir.invoke (closure.clj:438)
    cljs.closure$eval3601$fn__3602.invoke (closure.clj:478)
    cljs.closure$eval3553$fn__3554$G__3544__3561.invoke (closure.clj:383)
    cljs.closure$eval3614$fn__3615.invoke (closure.clj:492)
    cljs.closure$eval3553$fn__3554$G__3544__3561.invoke (closure.clj:383)
    clojurescript_build.core.CompilableSourcePaths/fn (core.clj:20)
[0mCompiling "resources/public/js/compiled/app.js" from ["src/cljs"]...
[31mCompiling "resources/public/js/compiled/app.js" failed.[0m
clojure.lang.ExceptionInfo: :refer must be followed by a sequence of symbols in :require / :require-macros; offending spec: [re-frame-examples.views.home :refer home-panel] at line 1 src/cljs/re_frame_examples/views/panels.cljs
 at clojure.core$ex_info.invoke (core.clj:4593)
    cljs.analyzer$error.invoke (analyzer.cljc:535)
    cljs.analyzer$error.invoke (analyzer.cljc:533)
    cljs.analyzer$parse_require_spec.invoke (analyzer.cljc:1744)
    clojure.lang.AFn.applyToHelper (AFn.java:171)
    clojure.lang.AFn.applyTo (AFn.java:144)
    clojure.core$apply.invoke (core.clj:636)
    clojure.core$partial$fn__4533.doInvoke (core.clj:2512)
    clojure.lang.RestFn.invoke (RestFn.java:408)
    clojure.core$map$fn__4553.invoke (core.clj:2624)
    clojure.lang.LazySeq.sval (LazySeq.java:40)
    clojure.lang.LazySeq.seq (LazySeq.java:49)
    clojure.lang.Cons.next (Cons.java:39)
    clojure.lang.RT.next (RT.java:674)
    clojure.core/next (core.clj:64)
    clojure.core$reduce1.invoke (core.clj:909)
    clojure.core$reduce1.invoke (core.clj:900)
    clojure.core$merge_with.doInvoke (core.clj:2936)
    clojure.lang.RestFn.applyTo (RestFn.java:139)
    clojure.core$apply.invoke (core.clj:634)
    cljs.analyzer$eval1889$fn__1891$fn__1896.invoke (analyzer.cljc:1907)
    clojure.core.protocols/fn (protocols.clj:167)
    clojure.core.protocols$fn__6478$G__6473__6487.invoke (protocols.clj:19)
    clojure.core.protocols$seq_reduce.invoke (protocols.clj:31)
    clojure.core.protocols/fn (protocols.clj:101)
    clojure.core.protocols$fn__6452$G__6447__6465.invoke (protocols.clj:13)
    clojure.core$reduce.invoke (core.clj:6519)
    cljs.analyzer$eval1889$fn__1891.invoke (analyzer.cljc:1890)
    clojure.lang.MultiFn.invoke (MultiFn.java:251)
    cljs.analyzer$analyze_seq_STAR_.invoke (analyzer.cljc:2368)
[0mCompiling "resources/public/js/compiled/app.js" from ["src/cljs"]...
WARNING: Namespace re-frame-examples.views.panels clashes with var re-frame-examples.views/panels at line 1 src/cljs/re_frame_examples/views/panels.cljs
[32mSuccessfully compiled "resources/public/js/compiled/app.js" in 0.321 seconds.[0m
notifying browser that file changed:  resources/public/js/compiled/out/cljs_deps.js
notifying browser that file changed:  /re_frame_examples/views/panels.js
[0mCompiling "resources/public/js/compiled/app.js" from ["src/cljs"]...
[31mCompiling "resources/public/js/compiled/app.js" failed.[0m
java.lang.AssertionError: No ns form found in src/cljs/re_frame_examples/views.cljs
 at cljs.analyzer$parse_ns$fn__2162.invoke (analyzer.cljc:2706)
    cljs.analyzer$parse_ns.invoke (analyzer.cljc:2660)
    cljs.analyzer$parse_ns.invoke (analyzer.cljc:2651)
    cljs.compiler$compile_root$fn__3182.invoke (compiler.cljc:1284)
    clojure.core$map$fn__4553.invoke (core.clj:2624)
    clojure.lang.LazySeq.sval (LazySeq.java:40)
    clojure.lang.LazySeq.seq (LazySeq.java:49)
    clojure.lang.RT.seq (RT.java:507)
    clojure.core/seq (core.clj:137)
    clojure.core$map$fn__4553.invoke (core.clj:2616)
    clojure.lang.LazySeq.sval (LazySeq.java:40)
    clojure.lang.LazySeq.seq (LazySeq.java:49)
    clojure.lang.Cons.next (Cons.java:39)
    clojure.lang.RT.next (RT.java:674)
    clojure.core/next (core.clj:64)
    clojure.core.protocols/fn (protocols.clj:170)
    clojure.core.protocols$fn__6478$G__6473__6487.invoke (protocols.clj:19)
    clojure.core.protocols$seq_reduce.invoke (protocols.clj:31)
    clojure.core.protocols/fn (protocols.clj:101)
    clojure.core.protocols$fn__6452$G__6447__6465.invoke (protocols.clj:13)
    clojure.core$reduce.invoke (core.clj:6519)
    cljs.js_deps$build_index.invoke (js_deps.cljc:128)
    cljs.js_deps$dependency_order.invoke (js_deps.cljc:168)
    cljs.compiler$compile_root.invoke (compiler.cljc:1283)
    cljs.closure$compile_dir.invoke (closure.clj:438)
    cljs.closure$eval3601$fn__3602.invoke (closure.clj:478)
    cljs.closure$eval3553$fn__3554$G__3544__3561.invoke (closure.clj:383)
    cljs.closure$eval3614$fn__3615.invoke (closure.clj:492)
    cljs.closure$eval3553$fn__3554$G__3544__3561.invoke (closure.clj:383)
    clojurescript_build.core.CompilableSourcePaths/fn (core.clj:20)
[0mCompiling "resources/public/js/compiled/app.js" from ["src/cljs"]...
WARNING: Required namespace not provided for re-frame-examples.views
[32mSuccessfully compiled "resources/public/js/compiled/app.js" in 0.162 seconds.[0m
notifying browser that file changed:  resources/public/js/compiled/out/cljs_deps.js
[0mCompiling "resources/public/js/compiled/app.js" from ["src/cljs"]...
[32mSuccessfully compiled "resources/public/js/compiled/app.js" in 0.165 seconds.[0m
notifying browser that file changed:  resources/public/js/compiled/out/cljs_deps.js
notifying browser that file changed:  /re_frame_examples/core.js
